<?xml version="1.0" encoding="UTF-8"?>
<testng-results skipped="0" failed="0" ignored="0" total="1" passed="1">
  <reporter-output>
  </reporter-output>
  <suite name="Suite" duration-ms="52334" started-at="2020-05-25T09:31:53Z" finished-at="2020-05-25T09:32:46Z">
    <groups>
    </groups>
    <test name="Test" duration-ms="52334" started-at="2020-05-25T09:31:53Z" finished-at="2020-05-25T09:32:46Z">
      <class name="Test.WebTable">
        <test-method status="PASS" signature="test()[pri:0, instance:Test.WebTable@754ba872]" name="test" duration-ms="52285" started-at="2020-05-25T09:31:53Z" finished-at="2020-05-25T09:32:46Z">
          <reporter-output>
          </reporter-output>
        </test-method> <!-- test -->
      </class> <!-- Test.WebTable -->
    </test> <!-- Test -->
  </suite> <!-- Suite -->
</testng-results>
